# JRE version: Java(TM) SE Runtime Environment (21.0.5+9) (build 21.0.5+9-LTS-239)
# Java VM: Java HotSpot(TM) 64-Bit Server VM (21.0.5+9-LTS-239, mixed mode, sharing, tiered, compressed oops, compressed class ptrs, g1 gc, windows-amd64)
GC Precious Log:
 CardTable entry size: 512
 Card Set container configuration: InlinePtr #cards 5 size 8 Array Of Cards #cards 12 size 40 Howl #buckets 4 coarsen threshold 1843 Howl Bitmap #cards 512 size 80 coarsen threshold 460 Card regions per heap region 1 cards per card region 2048
 CPUs: 4 total, 4 available
 Memory: 3810M
 Large Page Support: Disabled
 NUMA Support: Disabled
 Compressed Oops: Enabled (32-bit)
 Heap Region Size: 1M
 Heap Min Capacity: 8M
 Heap Initial Capacity: 60M
 Heap Max Capacity: 954M
 Pre-touch: Disabled
 Parallel Workers: 4
 Concurrent Workers: 1
 Concurrent Refinement Workers: 4
 Periodic GC: Disabled
Heap:
 garbage-first heap   total 58368K, used 41565K [0x00000000c4600000, 0x0000000100000000)
  region size 1024K, 31 young (31744K), 3 survivors (3072K)
 Metaspace       used 26590K, committed 27072K, reserved 1114112K
  class space    used 3387K, committed 3584K, reserved 1048576K
GC Heap History (10 events):
Event: 1.463 GC heap before
{Heap before GC invocations=0 (full 0):
 garbage-first heap   total 61440K, used 15360K [0x00000000c4600000, 0x0000000100000000)
  region size 1024K, 13 young (13312K), 0 survivors (0K)
 Metaspace       used 2415K, committed 2560K, reserved 1114112K
  class space    used 203K, committed 256K, reserved 1048576K
}
Event: 1.476 GC heap after
{Heap after GC invocations=1 (full 0):
 garbage-first heap   total 61440K, used 9070K [0x00000000c4600000, 0x0000000100000000)
  region size 1024K, 2 young (2048K), 2 survivors (2048K)
 Metaspace       used 2415K, committed 2560K, reserved 1114112K
  class space    used 203K, committed 256K, reserved 1048576K
}
Event: 2.463 GC heap before
{Heap before GC invocations=1 (full 0):
 garbage-first heap   total 61440K, used 18286K [0x00000000c4600000, 0x0000000100000000)
  region size 1024K, 11 young (11264K), 2 survivors (2048K)
 Metaspace       used 4739K, committed 4928K, reserved 1114112K
  class space    used 473K, committed 576K, reserved 1048576K
}
Event: 2.472 GC heap after
{Heap after GC invocations=2 (full 0):
 garbage-first heap   total 61440K, used 10537K [0x00000000c4600000, 0x0000000100000000)
  region size 1024K, 2 young (2048K), 2 survivors (2048K)
 Metaspace       used 4739K, committed 4928K, reserved 1114112K
  class space    used 473K, committed 576K, reserved 1048576K
}
Event: 4.610 GC heap before
{Heap before GC invocations=2 (full 0):
 garbage-first heap   total 61440K, used 31017K [0x00000000c4600000, 0x0000000100000000)
  region size 1024K, 23 young (23552K), 2 survivors (2048K)
 Metaspace       used 9919K, committed 10176K, reserved 1114112K
  class space    used 1236K, committed 1344K, reserved 1048576K
}
Event: 4.620 GC heap after
{Heap after GC invocations=3 (full 0):
 garbage-first heap   total 61440K, used 12071K [0x00000000c4600000, 0x0000000100000000)
  region size 1024K, 3 young (3072K), 3 survivors (3072K)
 Metaspace       used 9919K, committed 10176K, reserved 1114112K
  class space    used 1236K, committed 1344K, reserved 1048576K
}
Event: 6.351 GC heap before
{Heap before GC invocations=3 (full 0):
 garbage-first heap   total 61440K, used 41767K [0x00000000c4600000, 0x0000000100000000)
  region size 1024K, 33 young (33792K), 3 survivors (3072K)
 Metaspace       used 17695K, committed 18112K, reserved 1114112K
  class space    used 2313K, committed 2496K, reserved 1048576K
}
Event: 6.364 GC heap after
{Heap after GC invocations=4 (full 0):
 garbage-first heap   total 61440K, used 14708K [0x00000000c4600000, 0x0000000100000000)
  region size 1024K, 5 young (5120K), 5 survivors (5120K)
 Metaspace       used 17695K, committed 18112K, reserved 1114112K
  class space    used 2313K, committed 2496K, reserved 1048576K
}
Event: 6.855 GC heap before
{Heap before GC invocations=4 (full 0):
 garbage-first heap   total 61440K, used 25972K [0x00000000c4600000, 0x0000000100000000)
  region size 1024K, 18 young (18432K), 5 survivors (5120K)
 Metaspace       used 21051K, committed 21504K, reserved 1114112K
  class space    used 2731K, committed 2944K, reserved 1048576K
}
Event: 6.864 GC heap after
{Heap after GC invocations=5 (full 0):
 garbage-first heap   total 61440K, used 14941K [0x00000000c4600000, 0x0000000100000000)
  region size 1024K, 3 young (3072K), 3 survivors (3072K)
 Metaspace       used 21051K, committed 21504K, reserved 1114112K
  class space    used 2731K, committed 2944K, reserved 1048576K
}

