# JRE version: Java(TM) SE Runtime Environment (21.0.5+9) (build 21.0.5+9-LTS-239)
# Java VM: Java HotSpot(TM) 64-Bit Server VM (21.0.5+9-LTS-239, mixed mode, sharing, tiered, compressed oops, compressed class ptrs, g1 gc, windows-amd64)
GC Precious Log:
 CardTable entry size: 512
 Card Set container configuration: InlinePtr #cards 5 size 8 Array Of Cards #cards 12 size 40 Howl #buckets 4 coarsen threshold 1843 Howl Bitmap #cards 512 size 80 coarsen threshold 460 Card regions per heap region 1 cards per card region 2048
 CPUs: 4 total, 4 available
 Memory: 3810M
 Large Page Support: Disabled
 NUMA Support: Disabled
 Compressed Oops: Enabled (32-bit)
 Heap Region Size: 1M
 Heap Min Capacity: 8M
 Heap Initial Capacity: 60M
 Heap Max Capacity: 954M
 Pre-touch: Disabled
 Parallel Workers: 4
 Concurrent Workers: 1
 Concurrent Refinement Workers: 4
 Periodic GC: Disabled
Heap:
 garbage-first heap   total 55296K, used 23470K [0x00000000c4600000, 0x0000000100000000)
  region size 1024K, 7 young (7168K), 4 survivors (4096K)
 Metaspace       used 34722K, committed 35264K, reserved 1114112K
  class space    used 4558K, committed 4800K, reserved 1048576K
GC Heap History (16 events):
Event: 2.361 GC heap before
{Heap before GC invocations=0 (full 0):
 garbage-first heap   total 61440K, used 15360K [0x00000000c4600000, 0x0000000100000000)
  region size 1024K, 13 young (13312K), 0 survivors (0K)
 Metaspace       used 2422K, committed 2560K, reserved 1114112K
  class space    used 202K, committed 256K, reserved 1048576K
}
Event: 2.372 GC heap after
{Heap after GC invocations=1 (full 0):
 garbage-first heap   total 61440K, used 8952K [0x00000000c4600000, 0x0000000100000000)
  region size 1024K, 2 young (2048K), 2 survivors (2048K)
 Metaspace       used 2422K, committed 2560K, reserved 1114112K
  class space    used 202K, committed 256K, reserved 1048576K
}
Event: 3.105 GC heap before
{Heap before GC invocations=1 (full 0):
 garbage-first heap   total 61440K, used 18168K [0x00000000c4600000, 0x0000000100000000)
  region size 1024K, 11 young (11264K), 2 survivors (2048K)
 Metaspace       used 4721K, committed 4864K, reserved 1114112K
  class space    used 470K, committed 512K, reserved 1048576K
}
Event: 3.114 GC heap after
{Heap after GC invocations=2 (full 0):
 garbage-first heap   total 61440K, used 10182K [0x00000000c4600000, 0x0000000100000000)
  region size 1024K, 2 young (2048K), 2 survivors (2048K)
 Metaspace       used 4721K, committed 4864K, reserved 1114112K
  class space    used 470K, committed 512K, reserved 1048576K
}
Event: 4.363 GC heap before
{Heap before GC invocations=2 (full 0):
 garbage-first heap   total 61440K, used 32710K [0x00000000c4600000, 0x0000000100000000)
  region size 1024K, 24 young (24576K), 2 survivors (2048K)
 Metaspace       used 10163K, committed 10496K, reserved 1114112K
  class space    used 1262K, committed 1408K, reserved 1048576K
}
Event: 4.374 GC heap after
{Heap after GC invocations=3 (full 0):
 garbage-first heap   total 61440K, used 11829K [0x00000000c4600000, 0x0000000100000000)
  region size 1024K, 3 young (3072K), 3 survivors (3072K)
 Metaspace       used 10163K, committed 10496K, reserved 1114112K
  class space    used 1262K, committed 1408K, reserved 1048576K
}
Event: 6.219 GC heap before
{Heap before GC invocations=3 (full 0):
 garbage-first heap   total 61440K, used 42549K [0x00000000c4600000, 0x0000000100000000)
  region size 1024K, 34 young (34816K), 3 survivors (3072K)
 Metaspace       used 18221K, committed 18624K, reserved 1114112K
  class space    used 2367K, committed 2560K, reserved 1048576K
}
Event: 6.238 GC heap after
{Heap after GC invocations=4 (full 0):
 garbage-first heap   total 61440K, used 14374K [0x00000000c4600000, 0x0000000100000000)
  region size 1024K, 5 young (5120K), 5 survivors (5120K)
 Metaspace       used 18221K, committed 18624K, reserved 1114112K
  class space    used 2367K, committed 2560K, reserved 1048576K
}
Event: 6.677 GC heap before
{Heap before GC invocations=4 (full 0):
 garbage-first heap   total 61440K, used 24614K [0x00000000c4600000, 0x0000000100000000)
  region size 1024K, 16 young (16384K), 5 survivors (5120K)
 Metaspace       used 21094K, committed 21504K, reserved 1114112K
  class space    used 2743K, committed 2944K, reserved 1048576K
}
Event: 6.688 GC heap after
{Heap after GC invocations=5 (full 0):
 garbage-first heap   total 61440K, used 14714K [0x00000000c4600000, 0x0000000100000000)
  region size 1024K, 3 young (3072K), 3 survivors (3072K)
 Metaspace       used 21094K, committed 21504K, reserved 1114112K
  class space    used 2743K, committed 2944K, reserved 1048576K
}
Event: 7.818 GC heap before
{Heap before GC invocations=6 (full 0):
 garbage-first heap   total 55296K, used 43386K [0x00000000c4600000, 0x0000000100000000)
  region size 1024K, 32 young (32768K), 3 survivors (3072K)
 Metaspace       used 26828K, committed 27328K, reserved 1114112K
  class space    used 3447K, committed 3648K, reserved 1048576K
}
Event: 7.834 GC heap after
{Heap after GC invocations=7 (full 0):
 garbage-first heap   total 55296K, used 17665K [0x00000000c4600000, 0x0000000100000000)
  region size 1024K, 4 young (4096K), 4 survivors (4096K)
 Metaspace       used 26828K, committed 27328K, reserved 1114112K
  class space    used 3447K, committed 3648K, reserved 1048576K
}
Event: 10.057 GC heap before
{Heap before GC invocations=7 (full 0):
 garbage-first heap   total 55296K, used 42241K [0x00000000c4600000, 0x0000000100000000)
  region size 1024K, 29 young (29696K), 4 survivors (4096K)
 Metaspace       used 29784K, committed 30272K, reserved 1114112K
  class space    used 3869K, committed 4096K, reserved 1048576K
}
Event: 10.071 GC heap after
{Heap after GC invocations=8 (full 0):
 garbage-first heap   total 55296K, used 19054K [0x00000000c4600000, 0x0000000100000000)
  region size 1024K, 2 young (2048K), 2 survivors (2048K)
 Metaspace       used 29784K, committed 30272K, reserved 1114112K
  class space    used 3869K, committed 4096K, reserved 1048576K
}
Event: 12.925 GC heap before
{Heap before GC invocations=8 (full 0):
 garbage-first heap   total 55296K, used 45678K [0x00000000c4600000, 0x0000000100000000)
  region size 1024K, 28 young (28672K), 2 survivors (2048K)
 Metaspace       used 34280K, committed 34816K, reserved 1114112K
  class space    used 4486K, committed 4736K, reserved 1048576K
}
Event: 12.948 GC heap after
{Heap after GC invocations=9 (full 0):
 garbage-first heap   total 55296K, used 21422K [0x00000000c4600000, 0x0000000100000000)
  region size 1024K, 4 young (4096K), 4 survivors (4096K)
 Metaspace       used 34280K, committed 34816K, reserved 1114112K
  class space    used 4486K, committed 4736K, reserved 1048576K
}

